<?xml version="1.0" encoding="UTF-8"?>
<!-- Generated by org.testng.reporters.JUnitReportReporter -->
<testsuite skipped="0" hostname="Source-4443" name="com.qa.tests.HomeTest" tests="3" failures="0" timestamp="30 Jan 2019 06:59:51 GMT" time="44.976" errors="0">
  <testcase name="homePageTitleTest" time="10.061" classname="com.qa.tests.HomeTest"/>
  <testcase name="utailerLogoTest" time="10.393" classname="com.qa.tests.HomeTest"/>
  <testcase name="verifyLoginLink" time="24.522" classname="com.qa.tests.HomeTest"/>
</testsuite> <!-- com.qa.tests.HomeTest -->
