<?xml version="1.0" encoding="UTF-8"?>
<!-- Generated by org.testng.reporters.JUnitReportReporter -->
<testsuite skipped="0" hostname="Source-4443" name="com.qa.tests.LoginTest" tests="2" failures="0" timestamp="08 Feb 2019 07:12:52 GMT" time="8.439" errors="0">
  <testcase name="verifyLoginPageTitle" time="0.012" classname="com.qa.tests.LoginTest"/>
  <testcase name="loginTest" time="8.427" classname="com.qa.tests.LoginTest"/>
</testsuite> <!-- com.qa.tests.LoginTest -->
